<?xml version="1.0" encoding="UTF-8"?>
<!-- Generated by org.testng.reporters.JUnitReportReporter -->
<testsuite skipped="0" hostname="K1N0CV03B38802E" name="com.github.employeeorg.RunnerClass" tests="1" failures="0" timestamp="27 Jul 2019 15:59:08 GMT" time="0.162" errors="0">
  <testcase name="feature" time="0.162" classname="com.github.employeeorg.RunnerClass"/>
</testsuite> <!-- com.github.employeeorg.RunnerClass -->
