<?xml version="1.0" encoding="UTF-8"?>
<!-- Generated by org.testng.reporters.JUnitReportReporter -->
<testsuite skipped="0" hostname="K1N0CV03B38802E" name="com.github.employeeorg.runner.RunnerClass" tests="1" failures="0" timestamp="28 Jul 2019 17:17:09 GMT" time="35.360" errors="0">
  <testcase name="feature" time="35.360" classname="com.github.employeeorg.runner.RunnerClass"/>
</testsuite> <!-- com.github.employeeorg.runner.RunnerClass -->
