<?xml version="1.0" encoding="UTF-8"?>
<!-- Generated by org.testng.reporters.JUnitReportReporter -->
<testsuite skipped="0" hostname="K1N0CV03B38802E" name="com.github.employeeorg.runner.RunnerClass" tests="1" failures="0" timestamp="28 Jul 2019 19:57:39 GMT" time="12.144" errors="0">
  <testcase name="feature" time="12.144" classname="com.github.employeeorg.runner.RunnerClass"/>
</testsuite> <!-- com.github.employeeorg.runner.RunnerClass -->
